Traceback (most recent call last):
  File "/Users/sarahkuhn/Desktop/xdsl-experiments/xdsl-env/lib/python3.11/site-packages/xdsl/dialects/riscv.py", line 4682, in _parse_optional_immediate_value
    return IntegerAttr(immediate, integer_type)
           ^^^^^^^^^^^^^^^^^^^^^^^^^^^^^^^^^^^^
  File "/Users/sarahkuhn/Desktop/xdsl-experiments/xdsl-env/lib/python3.11/site-packages/xdsl/dialects/builtin.py", line 732, in __init__
    super().__init__([IntAttr(value), value_type])
  File "/Users/sarahkuhn/Desktop/xdsl-experiments/xdsl-env/lib/python3.11/site-packages/xdsl/ir/core.py", line 398, in __init__
    super().__init__()
  File "<string>", line 3, in __init__
  File "/Users/sarahkuhn/Desktop/xdsl-experiments/xdsl-env/lib/python3.11/site-packages/xdsl/ir/core.py", line 96, in __post_init__
    self._verify()
  File "/Users/sarahkuhn/Desktop/xdsl-experiments/xdsl-env/lib/python3.11/site-packages/xdsl/ir/core.py", line 437, in _verify
    super()._verify()
  File "/Users/sarahkuhn/Desktop/xdsl-experiments/xdsl-env/lib/python3.11/site-packages/xdsl/ir/core.py", line 101, in _verify
    self.verify()
  File "/Users/sarahkuhn/Desktop/xdsl-experiments/xdsl-env/lib/python3.11/site-packages/xdsl/dialects/builtin.py", line 750, in verify
    int_type.verify_value(self.value.data)
  File "/Users/sarahkuhn/Desktop/xdsl-experiments/xdsl-env/lib/python3.11/site-packages/xdsl/dialects/builtin.py", line 560, in verify_value
    raise VerifyException(
xdsl.utils.exceptions.VerifyException: Integer value -1 is out of range for type ui5 which supports values in the range [0, 32)

During handling of the above exception, another exception occurred:

Traceback (most recent call last):
  File "/Users/sarahkuhn/Desktop/xdsl-experiments/xdsl-env/bin/xdsl-opt", line 8, in <module>
    sys.exit(main())
             ^^^^^^
  File "/Users/sarahkuhn/Desktop/xdsl-experiments/xdsl-env/lib/python3.11/site-packages/xdsl/tools/xdsl_opt.py", line 5, in main
    xDSLOptMain().run()
  File "/Users/sarahkuhn/Desktop/xdsl-experiments/xdsl-env/lib/python3.11/site-packages/xdsl/xdsl_opt_main.py", line 70, in run
    module = self.parse_chunk(chunk, file_extension, offset)
             ^^^^^^^^^^^^^^^^^^^^^^^^^^^^^^^^^^^^^^^^^^^^^^^
  File "/Users/sarahkuhn/Desktop/xdsl-experiments/xdsl-env/lib/python3.11/site-packages/xdsl/tools/command_line_tool.py", line 112, in parse_chunk
    return self.available_frontends[file_extension](chunk)
           ^^^^^^^^^^^^^^^^^^^^^^^^^^^^^^^^^^^^^^^^^^^^^^^
  File "/Users/sarahkuhn/Desktop/xdsl-experiments/xdsl-env/lib/python3.11/site-packages/xdsl/tools/command_line_tool.py", line 98, in parse_mlir
    ).parse_module(not self.args.no_implicit_module)
      ^^^^^^^^^^^^^^^^^^^^^^^^^^^^^^^^^^^^^^^^^^^^^^
  File "/Users/sarahkuhn/Desktop/xdsl-experiments/xdsl-env/lib/python3.11/site-packages/xdsl/parser/core.py", line 130, in parse_module
    if (parsed_op := self.parse_optional_operation()) is not None:
                     ^^^^^^^^^^^^^^^^^^^^^^^^^^^^^^^
  File "/Users/sarahkuhn/Desktop/xdsl-experiments/xdsl-env/lib/python3.11/site-packages/xdsl/parser/core.py", line 678, in parse_optional_operation
    return self.parse_operation()
           ^^^^^^^^^^^^^^^^^^^^^^
  File "/Users/sarahkuhn/Desktop/xdsl-experiments/xdsl-env/lib/python3.11/site-packages/xdsl/parser/core.py", line 707, in parse_operation
    op = op_type.parse(self)
         ^^^^^^^^^^^^^^^^^^^
  File "/Users/sarahkuhn/Desktop/xdsl-experiments/xdsl-env/lib/python3.11/site-packages/xdsl/dialects/builtin.py", line 1918, in parse
    region = parser.parse_region()
             ^^^^^^^^^^^^^^^^^^^^^
  File "/Users/sarahkuhn/Desktop/xdsl-experiments/xdsl-env/lib/python3.11/site-packages/xdsl/parser/core.py", line 596, in parse_region
    region = self.parse_optional_region(arguments)
             ^^^^^^^^^^^^^^^^^^^^^^^^^^^^^^^^^^^^^
  File "/Users/sarahkuhn/Desktop/xdsl-experiments/xdsl-env/lib/python3.11/site-packages/xdsl/parser/core.py", line 550, in parse_optional_region
    self._parse_block_body(block)
  File "/Users/sarahkuhn/Desktop/xdsl-experiments/xdsl-env/lib/python3.11/site-packages/xdsl/parser/core.py", line 217, in _parse_block_body
    while (op := self.parse_optional_operation()) is not None:
                 ^^^^^^^^^^^^^^^^^^^^^^^^^^^^^^^
  File "/Users/sarahkuhn/Desktop/xdsl-experiments/xdsl-env/lib/python3.11/site-packages/xdsl/parser/core.py", line 678, in parse_optional_operation
    return self.parse_operation()
           ^^^^^^^^^^^^^^^^^^^^^^
  File "/Users/sarahkuhn/Desktop/xdsl-experiments/xdsl-env/lib/python3.11/site-packages/xdsl/parser/core.py", line 707, in parse_operation
    op = op_type.parse(self)
         ^^^^^^^^^^^^^^^^^^^
  File "/Users/sarahkuhn/Desktop/xdsl-experiments/xdsl-env/lib/python3.11/site-packages/xdsl/dialects/riscv_func.py", line 195, in parse
    parse_func_op_like(
  File "/Users/sarahkuhn/Desktop/xdsl-experiments/xdsl-env/lib/python3.11/site-packages/xdsl/dialects/utils/format.py", line 324, in parse_func_op_like
    region = parser.parse_optional_region(entry_args)
             ^^^^^^^^^^^^^^^^^^^^^^^^^^^^^^^^^^^^^^^^
  File "/Users/sarahkuhn/Desktop/xdsl-experiments/xdsl-env/lib/python3.11/site-packages/xdsl/parser/core.py", line 541, in parse_optional_region
    self._parse_block_body(entry_block)
  File "/Users/sarahkuhn/Desktop/xdsl-experiments/xdsl-env/lib/python3.11/site-packages/xdsl/parser/core.py", line 217, in _parse_block_body
    while (op := self.parse_optional_operation()) is not None:
                 ^^^^^^^^^^^^^^^^^^^^^^^^^^^^^^^
  File "/Users/sarahkuhn/Desktop/xdsl-experiments/xdsl-env/lib/python3.11/site-packages/xdsl/parser/core.py", line 678, in parse_optional_operation
    return self.parse_operation()
           ^^^^^^^^^^^^^^^^^^^^^^
  File "/Users/sarahkuhn/Desktop/xdsl-experiments/xdsl-env/lib/python3.11/site-packages/xdsl/parser/core.py", line 707, in parse_operation
    op = op_type.parse(self)
         ^^^^^^^^^^^^^^^^^^^
  File "/Users/sarahkuhn/Desktop/xdsl-experiments/xdsl-env/lib/python3.11/site-packages/xdsl/dialects/riscv.py", line 363, in parse
    custom_attributes = cls.custom_parse_attributes(parser)
                        ^^^^^^^^^^^^^^^^^^^^^^^^^^^^^^^^^^^
  File "/Users/sarahkuhn/Desktop/xdsl-experiments/xdsl-env/lib/python3.11/site-packages/xdsl/dialects/riscv.py", line 855, in custom_parse_attributes
    attributes["immediate"] = parse_immediate_value(parser, ui5)
                              ^^^^^^^^^^^^^^^^^^^^^^^^^^^^^^^^^^
  File "/Users/sarahkuhn/Desktop/xdsl-experiments/xdsl-env/lib/python3.11/site-packages/xdsl/dialects/riscv.py", line 4692, in parse_immediate_value
    return parser.expect(
           ^^^^^^^^^^^^^^
  File "/Users/sarahkuhn/Desktop/xdsl-experiments/xdsl-env/lib/python3.11/site-packages/xdsl/parser/generic_parser.py", line 179, in expect
    res = try_parse()
          ^^^^^^^^^^^
  File "/Users/sarahkuhn/Desktop/xdsl-experiments/xdsl-env/lib/python3.11/site-packages/xdsl/dialects/riscv.py", line 4693, in <lambda>
    lambda: _parse_optional_immediate_value(parser, integer_type),
            ^^^^^^^^^^^^^^^^^^^^^^^^^^^^^^^^^^^^^^^^^^^^^^^^^^^^^
  File "/Users/sarahkuhn/Desktop/xdsl-experiments/xdsl-env/lib/python3.11/site-packages/xdsl/dialects/riscv.py", line 4684, in _parse_optional_immediate_value
    parser.raise_error(e.args[0], pos)
  File "/Users/sarahkuhn/Desktop/xdsl-experiments/xdsl-env/lib/python3.11/site-packages/xdsl/parser/generic_parser.py", line 94, in raise_error
    raise ParseError(at_position, msg)
xdsl.utils.exceptions.ParseError: /Users/sarahkuhn/Desktop/lean-mlir/SSA/Projects/LLVMRiscV/Evaluation/benchmarks/XDSL_no_casts/function_7.mlir:5:24
    %5 = riscv.slli %1, -1 : (!riscv.reg) -> !riscv.reg
                        ^
                        Integer value -1 is out of range for type ui5 which supports values in the range [0, 32)

